[    1990ms] [ERROR] Loading the script 'https://unpkg.com/web-vitals@3/dist/web-vitals.iife.js' violates the following Content Security Policy directive: "script-src 'self' 'unsafe-inline' 'unsafe-eval' https://www.googletagmanager.com https://www.google-analytics.com https://*.googletagmanager.com". Note that 'script-src-elem' was not explicitly set, so 'script-src' is used as a fallback. The action has been blocked. @ https://main.bizcommerz-cake-shop.pages.dev/js/analytics.js:59
[    2146ms] ReferenceError: UnifiedChatWidget is not defined
    at https://main.bizcommerz-cake-shop.pages.dev/js/mascot-chat-widget.js:14:32
[    2730ms] Identifier 'EventBus' has already been declared
[    2731ms] Identifier 'EventBus' has already been declared
[    3593ms] [LOG] Starting Sweet Layers Live Automation... @ https://main.bizcommerz-cake-shop.pages.dev/:3147
[    3605ms] [LOG] 🎂 Initializing Cake Shop Automation Engine... @ https://main.bizcommerz-cake-shop.pages.dev/js/cake-shop-automation.js:36
[    3612ms] [ERROR] Failed to initialize automation: ReferenceError: AgenticDashboardEngine is not defined
    at CakeShopAutomation.init (https://main.bizcommerz-cake-shop.pages.dev/js/cake-shop-automation.js:41:25)
    at HTMLDocument.initCakeShopAutomation (https://main.bizcommerz-cake-shop.pages.dev/:3152:30) @ https://main.bizcommerz-cake-shop.pages.dev/js/cake-shop-automation.js:64
[    3617ms] [LOG] 🔧 Cake Shop running in offline mode @ https://main.bizcommerz-cake-shop.pages.dev/js/cake-shop-automation.js:518
[    3638ms] [LOG] 🎭 Initializing Mascot Chat Widget... @ https://main.bizcommerz-cake-shop.pages.dev/:3171
[    3640ms] [ERROR] Failed to initialize mascot chat: ReferenceError: MascotChatWidget is not defined
    at initMascotChatWidget (https://main.bizcommerz-cake-shop.pages.dev/:3175:33)
    at HTMLDocument.initCakeShopAutomation (https://main.bizcommerz-cake-shop.pages.dev/:3155:9) @ https://main.bizcommerz-cake-shop.pages.dev/:3195
[    3642ms] [LOG] Sweet Layers Automation LIVE! Customer journey tracking active. @ https://main.bizcommerz-cake-shop.pages.dev/:3159
[    3642ms] [LOG] 🎭 Mascot Chat Widget with Advanced Filtering active! @ https://main.bizcommerz-cake-shop.pages.dev/:3160
[    3642ms] [LOG] Enhanced AI Chat ready for ordering and tasks! @ https://main.bizcommerz-cake-shop.pages.dev/:3161
[    3671ms] ReferenceError: AgenticEngine is not defined
    at initAIAssistant (https://main.bizcommerz-cake-shop.pages.dev/:2863:7)
    at HTMLDocument.<anonymous> (https://main.bizcommerz-cake-shop.pages.dev/:3664:7)
[   11137ms] [LOG] [SW] Service Worker registered: ServiceWorkerRegistration @ https://main.bizcommerz-cake-shop.pages.dev/:4392
[   13892ms] [ERROR] Failed to load resource: the server responded with a status of 404 () @ https://main.bizcommerz-cake-shop.pages.dev/favicon.ico:0
